<?xml version="1.0" encoding="utf-8"?><testsuites><testsuite name="pytest" errors="0" failures="0" skipped="0" tests="2" time="20.297" timestamp="2024-10-04T01:31:40.148990+08:00" hostname="EISSENHUAN-NBVR"><testcase classname="test_dir.test_parametrize" name="test_baidu_search[1-selenium]" time="12.702" /><testcase classname="test_dir.test_parametrize" name="test_baidu_search[2-poium]" time="7.375" /></testsuite></testsuites>