<?xml version="1.0" encoding="utf-8"?><testsuites><testsuite name="pytest" errors="0" failures="0" skipped="0" tests="3" time="22.306" timestamp="2024-10-04T01:27:27.678441+08:00" hostname="EISSENHUAN-NBVR"><testcase classname="test_dir.test_parametrize" name="test_baidu_search[case1]" time="10.176" /><testcase classname="test_dir.test_parametrize" name="test_baidu_search[case2]" time="4.875" /><testcase classname="test_dir.test_parametrize" name="test_baidu_search[case3]" time="7.024" /></testsuite></testsuites>