<?xml version="1.0" encoding="utf-8"?><testsuites><testsuite name="pytest" errors="0" failures="1" skipped="0" tests="1" time="9.127" timestamp="2024-10-03T21:31:06.923238+08:00" hostname="EISSENHUAN-NBVR"><testcase classname="test_dir.test_baidu_auto.TestSearch" name="test_baidu_search_case" time="7.944"><failure message="TypeError: 'str' object is not callable">self = &lt;test_baidu_auto.TestSearch object at 0x00000229FAE4F290&gt;
browser = &lt;selenium.webdriver.chrome.webdriver.WebDriver (session="fc850bbbd85801a194008ed526e3d0d1")&gt;
base_url = 'https://www.baidu.com'

        def test_baidu_search_case(self, browser, base_url):
            """百度搜索：pytest"""
    # 创建BaiduPAGE类，传入browser驱动
            page = BaiduPAGE(browser)
&gt;           page.get_url(base_url)
E           TypeError: 'str' object is not callable

test_dir\test_baidu_auto.py:16: TypeError</failure></testcase></testsuite></testsuites>