<?xml version="1.0" encoding="utf-8"?><testsuites><testsuite name="pytest" errors="0" failures="0" skipped="0" tests="3" time="30.121" timestamp="2024-10-04T00:59:53.883461+08:00" hostname="EISSENHUAN-NBVR"><testcase classname="test_dir.test_parametrize" name="test_baidu_search[case1]" time="16.855" /><testcase classname="test_dir.test_parametrize" name="test_baidu_search[case2]" time="4.874" /><testcase classname="test_dir.test_parametrize" name="test_baidu_search[case3]" time="8.017" /></testsuite></testsuites>