<?xml version="1.0" encoding="utf-8"?><testsuites><testsuite name="pytest" errors="0" failures="0" skipped="0" tests="3" time="24.803" timestamp="2024-10-04T01:24:30.690179+08:00" hostname="EISSENHUAN-NBVR"><testcase classname="test_dir.test_parametrize" name="test_baidu_search[case1]" time="12.752" /><testcase classname="test_dir.test_parametrize" name="test_baidu_search[case2]" time="4.963" /><testcase classname="test_dir.test_parametrize" name="test_baidu_search[case3]" time="6.867" /></testsuite></testsuites>