<?xml version="1.0" encoding="utf-8"?><testsuites><testsuite name="pytest" errors="0" failures="0" skipped="0" tests="0" time="194.786" timestamp="2024-10-04T00:06:47.030132+08:00" hostname="EISSENHUAN-NBVR" /></testsuites>